Determining if the pthread_create exist failed with the following output:
Change Dir: /v/filer4b/v38q001/hari2018/CS370C/LIBS/libigl/tutorial/CS370C_RESEARCH_PROJECt/build/CMakeFiles/CMakeTmp

Run Build Command:/usr/bin/make "cmTryCompileExec2321800061/fast"
/usr/bin/make -f CMakeFiles/cmTryCompileExec2321800061.dir/build.make CMakeFiles/cmTryCompileExec2321800061.dir/build
make[1]: Entering directory `/v/filer4b/v38q001/hari2018/CS370C/LIBS/libigl/tutorial/CS370C_RESEARCH_PROJECt/build/CMakeFiles/CMakeTmp'
/usr/bin/cmake -E cmake_progress_report /v/filer4b/v38q001/hari2018/CS370C/LIBS/libigl/tutorial/CS370C_RESEARCH_PROJECt/build/CMakeFiles/CMakeTmp/CMakeFiles 1
Building C object CMakeFiles/cmTryCompileExec2321800061.dir/CheckSymbolExists.c.o
/usr/bin/cc    -o CMakeFiles/cmTryCompileExec2321800061.dir/CheckSymbolExists.c.o   -c /v/filer4b/v38q001/hari2018/CS370C/LIBS/libigl/tutorial/CS370C_RESEARCH_PROJECt/build/CMakeFiles/CMakeTmp/CheckSymbolExists.c
Linking C executable cmTryCompileExec2321800061
/usr/bin/cmake -E cmake_link_script CMakeFiles/cmTryCompileExec2321800061.dir/link.txt --verbose=1
/usr/bin/cc       CMakeFiles/cmTryCompileExec2321800061.dir/CheckSymbolExists.c.o  -o cmTryCompileExec2321800061 -rdynamic 
CMakeFiles/cmTryCompileExec2321800061.dir/CheckSymbolExists.c.o: In function `main':
CheckSymbolExists.c:(.text+0x16): undefined reference to `pthread_create'
collect2: error: ld returned 1 exit status
make[1]: *** [cmTryCompileExec2321800061] Error 1
make[1]: Leaving directory `/v/filer4b/v38q001/hari2018/CS370C/LIBS/libigl/tutorial/CS370C_RESEARCH_PROJECt/build/CMakeFiles/CMakeTmp'
make: *** [cmTryCompileExec2321800061/fast] Error 2

File /v/filer4b/v38q001/hari2018/CS370C/LIBS/libigl/tutorial/CS370C_RESEARCH_PROJECt/build/CMakeFiles/CMakeTmp/CheckSymbolExists.c:
/* */
#include <pthread.h>

int main(int argc, char** argv)
{
  (void)argv;
#ifndef pthread_create
  return ((int*)(&pthread_create))[argc];
#else
  (void)argc;
  return 0;
#endif
}

Determining if the function pthread_create exists in the pthreads failed with the following output:
Change Dir: /v/filer4b/v38q001/hari2018/CS370C/LIBS/libigl/tutorial/CS370C_RESEARCH_PROJECt/build/CMakeFiles/CMakeTmp

Run Build Command:/usr/bin/make "cmTryCompileExec1299985539/fast"
/usr/bin/make -f CMakeFiles/cmTryCompileExec1299985539.dir/build.make CMakeFiles/cmTryCompileExec1299985539.dir/build
make[1]: Entering directory `/v/filer4b/v38q001/hari2018/CS370C/LIBS/libigl/tutorial/CS370C_RESEARCH_PROJECt/build/CMakeFiles/CMakeTmp'
/usr/bin/cmake -E cmake_progress_report /v/filer4b/v38q001/hari2018/CS370C/LIBS/libigl/tutorial/CS370C_RESEARCH_PROJECt/build/CMakeFiles/CMakeTmp/CMakeFiles 1
Building C object CMakeFiles/cmTryCompileExec1299985539.dir/CheckFunctionExists.c.o
/usr/bin/cc   -DCHECK_FUNCTION_EXISTS=pthread_create   -o CMakeFiles/cmTryCompileExec1299985539.dir/CheckFunctionExists.c.o   -c /usr/share/cmake-2.8/Modules/CheckFunctionExists.c
Linking C executable cmTryCompileExec1299985539
/usr/bin/cmake -E cmake_link_script CMakeFiles/cmTryCompileExec1299985539.dir/link.txt --verbose=1
/usr/bin/cc   -DCHECK_FUNCTION_EXISTS=pthread_create    CMakeFiles/cmTryCompileExec1299985539.dir/CheckFunctionExists.c.o  -o cmTryCompileExec1299985539 -rdynamic -lpthreads 
/usr/bin/ld: cannot find -lpthreads
collect2: error: ld returned 1 exit status
make[1]: *** [cmTryCompileExec1299985539] Error 1
make[1]: Leaving directory `/v/filer4b/v38q001/hari2018/CS370C/LIBS/libigl/tutorial/CS370C_RESEARCH_PROJECt/build/CMakeFiles/CMakeTmp'
make: *** [cmTryCompileExec1299985539/fast] Error 2


Determining if the function glXGetProcAddressEXT exists failed with the following output:
Change Dir: /v/filer4b/v38q001/hari2018/CS370C/LIBS/libigl/tutorial/CS370C_RESEARCH_PROJECt/build/CMakeFiles/CMakeTmp

Run Build Command:/usr/bin/make "cmTryCompileExec2157496078/fast"
/usr/bin/make -f CMakeFiles/cmTryCompileExec2157496078.dir/build.make CMakeFiles/cmTryCompileExec2157496078.dir/build
make[1]: Entering directory `/v/filer4b/v38q001/hari2018/CS370C/LIBS/libigl/tutorial/CS370C_RESEARCH_PROJECt/build/CMakeFiles/CMakeTmp'
/usr/bin/cmake -E cmake_progress_report /v/filer4b/v38q001/hari2018/CS370C/LIBS/libigl/tutorial/CS370C_RESEARCH_PROJECt/build/CMakeFiles/CMakeTmp/CMakeFiles 1
Building C object CMakeFiles/cmTryCompileExec2157496078.dir/CheckFunctionExists.c.o
/usr/bin/cc   -DCHECK_FUNCTION_EXISTS=glXGetProcAddressEXT   -o CMakeFiles/cmTryCompileExec2157496078.dir/CheckFunctionExists.c.o   -c /usr/share/cmake-2.8/Modules/CheckFunctionExists.c
Linking C executable cmTryCompileExec2157496078
/usr/bin/cmake -E cmake_link_script CMakeFiles/cmTryCompileExec2157496078.dir/link.txt --verbose=1
/usr/bin/cc   -DCHECK_FUNCTION_EXISTS=glXGetProcAddressEXT    CMakeFiles/cmTryCompileExec2157496078.dir/CheckFunctionExists.c.o  -o cmTryCompileExec2157496078 -rdynamic -lGL 
CMakeFiles/cmTryCompileExec2157496078.dir/CheckFunctionExists.c.o: In function `main':
CheckFunctionExists.c:(.text+0x15): undefined reference to `glXGetProcAddressEXT'
collect2: error: ld returned 1 exit status
make[1]: *** [cmTryCompileExec2157496078] Error 1
make[1]: Leaving directory `/v/filer4b/v38q001/hari2018/CS370C/LIBS/libigl/tutorial/CS370C_RESEARCH_PROJECt/build/CMakeFiles/CMakeTmp'
make: *** [cmTryCompileExec2157496078/fast] Error 2


