Determining if the pthread_create exist failed with the following output:
Change Dir: /u/hari2018/CS370C/LIBS/libigl-example-project/cmake/CMakeFiles/CMakeTmp

Run Build Command:/usr/bin/make "cmTryCompileExec1138817497/fast"
/usr/bin/make -f CMakeFiles/cmTryCompileExec1138817497.dir/build.make CMakeFiles/cmTryCompileExec1138817497.dir/build
make[1]: Entering directory `/v/filer4b/v38q001/hari2018/CS370C/LIBS/libigl-example-project/cmake/CMakeFiles/CMakeTmp'
/usr/bin/cmake -E cmake_progress_report /u/hari2018/CS370C/LIBS/libigl-example-project/cmake/CMakeFiles/CMakeTmp/CMakeFiles 1
Building C object CMakeFiles/cmTryCompileExec1138817497.dir/CheckSymbolExists.c.o
/usr/bin/cc    -o CMakeFiles/cmTryCompileExec1138817497.dir/CheckSymbolExists.c.o   -c /u/hari2018/CS370C/LIBS/libigl-example-project/cmake/CMakeFiles/CMakeTmp/CheckSymbolExists.c
Linking C executable cmTryCompileExec1138817497
/usr/bin/cmake -E cmake_link_script CMakeFiles/cmTryCompileExec1138817497.dir/link.txt --verbose=1
/usr/bin/cc       CMakeFiles/cmTryCompileExec1138817497.dir/CheckSymbolExists.c.o  -o cmTryCompileExec1138817497 -rdynamic 
CMakeFiles/cmTryCompileExec1138817497.dir/CheckSymbolExists.c.o: In function `main':
CheckSymbolExists.c:(.text+0x16): undefined reference to `pthread_create'
collect2: error: ld returned 1 exit status
make[1]: *** [cmTryCompileExec1138817497] Error 1
make[1]: Leaving directory `/v/filer4b/v38q001/hari2018/CS370C/LIBS/libigl-example-project/cmake/CMakeFiles/CMakeTmp'
make: *** [cmTryCompileExec1138817497/fast] Error 2

File /u/hari2018/CS370C/LIBS/libigl-example-project/cmake/CMakeFiles/CMakeTmp/CheckSymbolExists.c:
/* */
#include <pthread.h>

int main(int argc, char** argv)
{
  (void)argv;
#ifndef pthread_create
  return ((int*)(&pthread_create))[argc];
#else
  (void)argc;
  return 0;
#endif
}

Determining if the function pthread_create exists in the pthreads failed with the following output:
Change Dir: /u/hari2018/CS370C/LIBS/libigl-example-project/cmake/CMakeFiles/CMakeTmp

Run Build Command:/usr/bin/make "cmTryCompileExec797071932/fast"
/usr/bin/make -f CMakeFiles/cmTryCompileExec797071932.dir/build.make CMakeFiles/cmTryCompileExec797071932.dir/build
make[1]: Entering directory `/v/filer4b/v38q001/hari2018/CS370C/LIBS/libigl-example-project/cmake/CMakeFiles/CMakeTmp'
/usr/bin/cmake -E cmake_progress_report /u/hari2018/CS370C/LIBS/libigl-example-project/cmake/CMakeFiles/CMakeTmp/CMakeFiles 1
Building C object CMakeFiles/cmTryCompileExec797071932.dir/CheckFunctionExists.c.o
/usr/bin/cc   -DCHECK_FUNCTION_EXISTS=pthread_create   -o CMakeFiles/cmTryCompileExec797071932.dir/CheckFunctionExists.c.o   -c /usr/share/cmake-2.8/Modules/CheckFunctionExists.c
Linking C executable cmTryCompileExec797071932
/usr/bin/cmake -E cmake_link_script CMakeFiles/cmTryCompileExec797071932.dir/link.txt --verbose=1
/usr/bin/cc   -DCHECK_FUNCTION_EXISTS=pthread_create    CMakeFiles/cmTryCompileExec797071932.dir/CheckFunctionExists.c.o  -o cmTryCompileExec797071932 -rdynamic -lpthreads 
/usr/bin/ld: cannot find -lpthreads
collect2: error: ld returned 1 exit status
make[1]: *** [cmTryCompileExec797071932] Error 1
make[1]: Leaving directory `/v/filer4b/v38q001/hari2018/CS370C/LIBS/libigl-example-project/cmake/CMakeFiles/CMakeTmp'
make: *** [cmTryCompileExec797071932/fast] Error 2


Determining if the function glXGetProcAddressEXT exists failed with the following output:
Change Dir: /u/hari2018/CS370C/LIBS/libigl-example-project/cmake/CMakeFiles/CMakeTmp

Run Build Command:/usr/bin/make "cmTryCompileExec3138560656/fast"
/usr/bin/make -f CMakeFiles/cmTryCompileExec3138560656.dir/build.make CMakeFiles/cmTryCompileExec3138560656.dir/build
make[1]: Entering directory `/v/filer4b/v38q001/hari2018/CS370C/LIBS/libigl-example-project/cmake/CMakeFiles/CMakeTmp'
/usr/bin/cmake -E cmake_progress_report /u/hari2018/CS370C/LIBS/libigl-example-project/cmake/CMakeFiles/CMakeTmp/CMakeFiles 1
Building C object CMakeFiles/cmTryCompileExec3138560656.dir/CheckFunctionExists.c.o
/usr/bin/cc   -DCHECK_FUNCTION_EXISTS=glXGetProcAddressEXT   -o CMakeFiles/cmTryCompileExec3138560656.dir/CheckFunctionExists.c.o   -c /usr/share/cmake-2.8/Modules/CheckFunctionExists.c
Linking C executable cmTryCompileExec3138560656
/usr/bin/cmake -E cmake_link_script CMakeFiles/cmTryCompileExec3138560656.dir/link.txt --verbose=1
/usr/bin/cc   -DCHECK_FUNCTION_EXISTS=glXGetProcAddressEXT    CMakeFiles/cmTryCompileExec3138560656.dir/CheckFunctionExists.c.o  -o cmTryCompileExec3138560656 -rdynamic -lGL 
CMakeFiles/cmTryCompileExec3138560656.dir/CheckFunctionExists.c.o: In function `main':
CheckFunctionExists.c:(.text+0x15): undefined reference to `glXGetProcAddressEXT'
collect2: error: ld returned 1 exit status
make[1]: *** [cmTryCompileExec3138560656] Error 1
make[1]: Leaving directory `/v/filer4b/v38q001/hari2018/CS370C/LIBS/libigl-example-project/cmake/CMakeFiles/CMakeTmp'
make: *** [cmTryCompileExec3138560656/fast] Error 2


